<?xml version="1.0" encoding="UTF-8"?>
<!-- Generated by org.testng.reporters.JUnitReportReporter -->
<testsuite skipped="0" hostname="Sanjib-PC" name="com.cakesclub.qa.testcases.BranchProductsPageTest" tests="1" failures="0" timestamp="29 Jul 2019 10:22:55 GMT" time="12.622" errors="0">
  <testcase name="updateStockTest" time="12.622" classname="com.cakesclub.qa.testcases.BranchProductsPageTest"/>
</testsuite> <!-- com.cakesclub.qa.testcases.BranchProductsPageTest -->
