<?xml version="1.0" encoding="UTF-8"?>
<!-- Generated by org.testng.reporters.JUnitReportReporter -->
<testsuite skipped="0" hostname="Sanjib-PC" name="com.cakesclub.qa.testcases.CategoriesPageTest" tests="1" failures="0" timestamp="29 Jul 2019 10:24:08 GMT" time="12.803" errors="0">
  <testcase name="validateCatPageNameTest" time="12.803" classname="com.cakesclub.qa.testcases.CategoriesPageTest"/>
</testsuite> <!-- com.cakesclub.qa.testcases.CategoriesPageTest -->
