<?xml version="1.0" encoding="UTF-8"?>
<!-- Generated by org.testng.reporters.JUnitReportReporter -->
<<<<<<< HEAD
<testsuite skipped="0" hostname="Sanjib-PC" name="com.cakesclub.qa.testcases.BannersPageTest" tests="1" failures="0" timestamp="29 Jul 2019 07:39:52 GMT" time="27.983" errors="0">
  <testcase name="deleteBannerTest" time="27.983" classname="com.cakesclub.qa.testcases.BannersPageTest"/>
=======
<testsuite skipped="0" hostname="Sanjib-PC" name="com.cakesclub.qa.testcases.BannersPageTest" tests="1" failures="0" timestamp="10 Jul 2019 06:24:22 GMT" time="22.439" errors="0">
  <testcase name="searchBannerTest" time="22.439" classname="com.cakesclub.qa.testcases.BannersPageTest"/>
>>>>>>> e5aeffe1f2e5e61c306399a8a2dcf92c593db33e
</testsuite> <!-- com.cakesclub.qa.testcases.BannersPageTest -->
