<?xml version="1.0" encoding="UTF-8"?>
<!-- Generated by org.testng.reporters.JUnitReportReporter -->
<testsuite skipped="0" hostname="Sanjib-PC" name="com.cakesclub.qa.testcases.CustomersPageTest" tests="1" failures="0" timestamp="25 Jul 2019 07:34:43 GMT" time="17.972" errors="0">
  <testcase name="guestUserViewTest" time="17.972" classname="com.cakesclub.qa.testcases.CustomersPageTest"/>
</testsuite> <!-- com.cakesclub.qa.testcases.CustomersPageTest -->
