<?xml version="1.0" encoding="UTF-8"?>
<!-- Generated by org.testng.reporters.JUnitReportReporter -->
<<<<<<< HEAD
<testsuite skipped="0" hostname="Sanjib-PC" name="com.cakesclub.qa.testcases.CategoriesPageTest" tests="1" failures="0" timestamp="29 Jul 2019 10:24:08 GMT" time="12.803" errors="0">
  <testcase name="validateCatPageNameTest" time="12.803" classname="com.cakesclub.qa.testcases.CategoriesPageTest"/>
=======
<testsuite skipped="0" hostname="Sanjib-PC" name="com.cakesclub.qa.testcases.CategoriesPageTest" tests="1" failures="0" timestamp="10 Jul 2019 06:53:33 GMT" time="16.048" errors="0">
  <testcase name="deleteSubCategoryTest" time="16.048" classname="com.cakesclub.qa.testcases.CategoriesPageTest"/>
>>>>>>> e5aeffe1f2e5e61c306399a8a2dcf92c593db33e
</testsuite> <!-- com.cakesclub.qa.testcases.CategoriesPageTest -->
