<?xml version="1.0" encoding="UTF-8"?>
<!-- Generated by org.testng.reporters.JUnitReportReporter -->
<<<<<<< HEAD
<testsuite skipped="0" hostname="Sanjib-PC" name="com.cakesclub.qa.testcases.BranchProductsPageTest" tests="1" failures="0" timestamp="29 Jul 2019 10:22:55 GMT" time="12.622" errors="0">
  <testcase name="updateStockTest" time="12.622" classname="com.cakesclub.qa.testcases.BranchProductsPageTest"/>
=======
<testsuite skipped="0" hostname="Sanjib-PC" name="com.cakesclub.qa.testcases.BranchProductsPageTest" tests="1" failures="0" timestamp="16 Jul 2019 10:06:39 GMT" time="15.752" errors="0">
  <testcase name="SearchFunctionalityTest" time="15.752" classname="com.cakesclub.qa.testcases.BranchProductsPageTest"/>
>>>>>>> e5aeffe1f2e5e61c306399a8a2dcf92c593db33e
</testsuite> <!-- com.cakesclub.qa.testcases.BranchProductsPageTest -->
