<?xml version="1.0" encoding="UTF-8"?>
<!-- Generated by org.testng.reporters.JUnitReportReporter -->
<testsuite skipped="0" hostname="Sanjib-PC" name="com.cakesclub.qa.testcases.BranchesPageTest" tests="1" failures="0" timestamp="29 Jul 2019 09:18:34 GMT" time="12.323" errors="0">
  <testcase name="deleteBranchType" time="12.323" classname="com.cakesclub.qa.testcases.BranchesPageTest"/>
</testsuite> <!-- com.cakesclub.qa.testcases.BranchesPageTest -->
