<?xml version="1.0" encoding="UTF-8"?>
<!-- Generated by org.testng.reporters.JUnitReportReporter -->
<testsuite skipped="0" hostname="Sanjib-PC" name="com.cakesclub.qa.testcases.BannersPageTest" tests="1" failures="0" timestamp="29 Jul 2019 07:39:52 GMT" time="27.983" errors="0">
  <testcase name="deleteBannerTest" time="27.983" classname="com.cakesclub.qa.testcases.BannersPageTest"/>
</testsuite> <!-- com.cakesclub.qa.testcases.BannersPageTest -->
