<?xml version="1.0" encoding="UTF-8"?>
<!-- Generated by org.testng.reporters.JUnitReportReporter -->
<<<<<<< HEAD
<testsuite skipped="0" hostname="Sanjib-PC" name="com.cakesclub.qa.testcases.CustomersPageTest" tests="1" failures="0" timestamp="25 Jul 2019 07:34:43 GMT" time="17.972" errors="0">
  <testcase name="guestUserViewTest" time="17.972" classname="com.cakesclub.qa.testcases.CustomersPageTest"/>
=======
<testsuite skipped="0" hostname="Sanjib-PC" name="com.cakesclub.qa.testcases.CustomersPageTest" tests="1" failures="0" timestamp="24 Jul 2019 05:29:47 GMT" time="39.815" errors="0">
  <testcase name="accUserSrchTest" time="39.815" classname="com.cakesclub.qa.testcases.CustomersPageTest"/>
>>>>>>> e5aeffe1f2e5e61c306399a8a2dcf92c593db33e
</testsuite> <!-- com.cakesclub.qa.testcases.CustomersPageTest -->
